[debug] [2021-04-16T08:18:09.257Z] ----------------------------------------------------------------------
[debug] [2021-04-16T08:18:09.261Z] Command:       C:\Program Files\nodejs\node.exe C:\Users\Shri\AppData\Roaming\npm\node_modules\firebase-tools\lib\bin\firebase.js login
[debug] [2021-04-16T08:18:09.262Z] CLI Version:   9.10.0
[debug] [2021-04-16T08:18:09.262Z] Platform:      win32
[debug] [2021-04-16T08:18:09.263Z] Node Version:  v15.14.0
[debug] [2021-04-16T08:18:09.263Z] Time:          Fri Apr 16 2021 13:48:09 GMT+0530 (India Standard Time)
[debug] [2021-04-16T08:18:09.264Z] ----------------------------------------------------------------------
[debug] 
[info] i  Firebase optionally collects CLI usage and error reporting information to help improve our products. Data is collected in accordance with Google's privacy policy (https://policies.google.com/privacy) and is not used to identify you.
 
[info] i  To change your data collection preference at any time, run `firebase logout` and log in again. 
[info] 
[info] Visit this URL on this device to log in:
[info] https://accounts.google.com/o/oauth2/auth?client_id=563584335869-fgrhgmd47bqnekij5i8b5pr03ho849e6.apps.googleusercontent.com&scope=email%20openid%20https%3A%2F%2Fwww.googleapis.com%2Fauth%2Fcloudplatformprojects.readonly%20https%3A%2F%2Fwww.googleapis.com%2Fauth%2Ffirebase%20https%3A%2F%2Fwww.googleapis.com%2Fauth%2Fcloud-platform&response_type=code&state=231612953&redirect_uri=http%3A%2F%2Flocalhost%3A9005
[info] 
[info] Waiting for authentication...
[debug] [2021-04-16T08:18:15.590Z] Error: spawn cmd ENOENT
    at Process.ChildProcess._handle.onexit (node:internal/child_process:282:19)
    at onErrorNT (node:internal/child_process:480:16)
    at processTicksAndRejections (node:internal/process/task_queues:81:21)
[error] 
[error] Error: An unexpected error has occurred.
[debug] [2021-04-16T08:19:31.609Z] ----------------------------------------------------------------------
[debug] [2021-04-16T08:19:31.616Z] Command:       C:\Program Files\nodejs\node.exe C:\Users\Shri\AppData\Roaming\npm\node_modules\firebase-tools\lib\bin\firebase.js login --debug
[debug] [2021-04-16T08:19:31.618Z] CLI Version:   9.10.0
[debug] [2021-04-16T08:19:31.618Z] Platform:      win32
[debug] [2021-04-16T08:19:31.618Z] Node Version:  v15.14.0
[debug] [2021-04-16T08:19:31.619Z] Time:          Fri Apr 16 2021 13:49:31 GMT+0530 (India Standard Time)
[debug] [2021-04-16T08:19:31.620Z] ----------------------------------------------------------------------
[debug] 
[info] i  Firebase optionally collects CLI usage and error reporting information to help improve our products. Data is collected in accordance with Google's privacy policy (https://policies.google.com/privacy) and is not used to identify you.
 
[info] i  To change your data collection preference at any time, run `firebase logout` and log in again. 
[info] 
[info] Visit this URL on this device to log in:
[info] https://accounts.google.com/o/oauth2/auth?client_id=563584335869-fgrhgmd47bqnekij5i8b5pr03ho849e6.apps.googleusercontent.com&scope=email%20openid%20https%3A%2F%2Fwww.googleapis.com%2Fauth%2Fcloudplatformprojects.readonly%20https%3A%2F%2Fwww.googleapis.com%2Fauth%2Ffirebase%20https%3A%2F%2Fwww.googleapis.com%2Fauth%2Fcloud-platform&response_type=code&state=460059957&redirect_uri=http%3A%2F%2Flocalhost%3A9005
[info] 
[info] Waiting for authentication...
[debug] [2021-04-16T08:19:38.161Z] Error: spawn cmd ENOENT
    at Process.ChildProcess._handle.onexit (node:internal/child_process:282:19)
    at onErrorNT (node:internal/child_process:480:16)
    at processTicksAndRejections (node:internal/process/task_queues:81:21)
[error] 
[error] Error: An unexpected error has occurred.
[debug] [2021-04-16T08:31:22.759Z] ----------------------------------------------------------------------
[debug] [2021-04-16T08:31:22.764Z] Command:       C:\Program Files\nodejs\node.exe C:\Users\Shri\AppData\Roaming\npm\node_modules\firebase-tools\lib\bin\firebase.js login
[debug] [2021-04-16T08:31:22.765Z] CLI Version:   9.10.0
[debug] [2021-04-16T08:31:22.765Z] Platform:      win32
[debug] [2021-04-16T08:31:22.765Z] Node Version:  v15.14.0
[debug] [2021-04-16T08:31:22.766Z] Time:          Fri Apr 16 2021 14:01:22 GMT+0530 (India Standard Time)
[debug] [2021-04-16T08:31:22.767Z] ----------------------------------------------------------------------
[debug] 
[info] i  Firebase optionally collects CLI usage and error reporting information to help improve our products. Data is collected in accordance with Google's privacy policy (https://policies.google.com/privacy) and is not used to identify you.
 
[info] i  To change your data collection preference at any time, run `firebase logout` and log in again. 
[info] 
[info] Visit this URL on this device to log in:
[info] https://accounts.google.com/o/oauth2/auth?client_id=563584335869-fgrhgmd47bqnekij5i8b5pr03ho849e6.apps.googleusercontent.com&scope=email%20openid%20https%3A%2F%2Fwww.googleapis.com%2Fauth%2Fcloudplatformprojects.readonly%20https%3A%2F%2Fwww.googleapis.com%2Fauth%2Ffirebase%20https%3A%2F%2Fwww.googleapis.com%2Fauth%2Fcloud-platform&response_type=code&state=66740741&redirect_uri=http%3A%2F%2Flocalhost%3A9005
[info] 
[info] Waiting for authentication...
[debug] [2021-04-16T08:31:28.248Z] Error: spawn cmd ENOENT
    at Process.ChildProcess._handle.onexit (node:internal/child_process:282:19)
    at onErrorNT (node:internal/child_process:480:16)
    at processTicksAndRejections (node:internal/process/task_queues:81:21)
[error] 
[error] Error: An unexpected error has occurred.
